WARNING: All log messages before absl::InitializeLog() is called are written to STDERR
I0000 00:00:1780932197.418383 2460883 gl_context.cc:369] GL version: 2.1 (2.1 Metal - 90.5), renderer: Apple M3 Pro
INFO: Created TensorFlow Lite XNNPACK delegate for CPU.
W0000 00:00:1780932197.479738 2460978 inference_feedback_manager.cc:114] Feedback manager requires a model with a single signature inference. Disabling support for feedback tensors.
W0000 00:00:1780932197.489197 2460986 inference_feedback_manager.cc:114] Feedback manager requires a model with a single signature inference. Disabling support for feedback tensors.
W0000 00:00:1780932197.502097 2460987 landmark_projection_calculator.cc:186] Using NORM_RECT without IMAGE_DIMENSIONS is only supported for the square ROI. Provide IMAGE_DIMENSIONS or use PROJECTION_MATRIX.
I0000 00:00:1780932198.634529 2460883 gl_context.cc:369] GL version: 2.1 (2.1 Metal - 90.5), renderer: Apple M3 Pro
W0000 00:00:1780932198.702013 2461082 inference_feedback_manager.cc:114] Feedback manager requires a model with a single signature inference. Disabling support for feedback tensors.
W0000 00:00:1780932198.712337 2461091 inference_feedback_manager.cc:114] Feedback manager requires a model with a single signature inference. Disabling support for feedback tensors.
I0000 00:00:1780932200.057597 2460883 gl_context.cc:369] GL version: 2.1 (2.1 Metal - 90.5), renderer: Apple M3 Pro
W0000 00:00:1780932200.113000 2461122 inference_feedback_manager.cc:114] Feedback manager requires a model with a single signature inference. Disabling support for feedback tensors.
W0000 00:00:1780932200.121638 2461129 inference_feedback_manager.cc:114] Feedback manager requires a model with a single signature inference. Disabling support for feedback tensors.
I0000 00:00:1780932201.343087 2460883 gl_context.cc:369] GL version: 2.1 (2.1 Metal - 90.5), renderer: Apple M3 Pro
W0000 00:00:1780932201.398233 2461152 inference_feedback_manager.cc:114] Feedback manager requires a model with a single signature inference. Disabling support for feedback tensors.
W0000 00:00:1780932201.407057 2461155 inference_feedback_manager.cc:114] Feedback manager requires a model with a single signature inference. Disabling support for feedback tensors.
I0000 00:00:1780932202.654620 2460883 gl_context.cc:369] GL version: 2.1 (2.1 Metal - 90.5), renderer: Apple M3 Pro
W0000 00:00:1780932202.716960 2461189 inference_feedback_manager.cc:114] Feedback manager requires a model with a single signature inference. Disabling support for feedback tensors.
W0000 00:00:1780932202.726380 2461195 inference_feedback_manager.cc:114] Feedback manager requires a model with a single signature inference. Disabling support for feedback tensors.
I0000 00:00:1780932204.527693 2460883 gl_context.cc:369] GL version: 2.1 (2.1 Metal - 90.5), renderer: Apple M3 Pro
W0000 00:00:1780932204.584286 2461265 inference_feedback_manager.cc:114] Feedback manager requires a model with a single signature inference. Disabling support for feedback tensors.
W0000 00:00:1780932204.593018 2461265 inference_feedback_manager.cc:114] Feedback manager requires a model with a single signature inference. Disabling support for feedback tensors.
I0000 00:00:1780932208.192856 2460883 gl_context.cc:369] GL version: 2.1 (2.1 Metal - 90.5), renderer: Apple M3 Pro
W0000 00:00:1780932208.255157 2461319 inference_feedback_manager.cc:114] Feedback manager requires a model with a single signature inference. Disabling support for feedback tensors.
W0000 00:00:1780932208.263673 2461319 inference_feedback_manager.cc:114] Feedback manager requires a model with a single signature inference. Disabling support for feedback tensors.
I0000 00:00:1780932209.512536 2460883 gl_context.cc:369] GL version: 2.1 (2.1 Metal - 90.5), renderer: Apple M3 Pro
W0000 00:00:1780932209.570830 2461392 inference_feedback_manager.cc:114] Feedback manager requires a model with a single signature inference. Disabling support for feedback tensors.
W0000 00:00:1780932209.580105 2461393 inference_feedback_manager.cc:114] Feedback manager requires a model with a single signature inference. Disabling support for feedback tensors.
I0000 00:00:1780932211.119867 2460883 gl_context.cc:369] GL version: 2.1 (2.1 Metal - 90.5), renderer: Apple M3 Pro
W0000 00:00:1780932211.178591 2461457 inference_feedback_manager.cc:114] Feedback manager requires a model with a single signature inference. Disabling support for feedback tensors.
W0000 00:00:1780932211.187391 2461457 inference_feedback_manager.cc:114] Feedback manager requires a model with a single signature inference. Disabling support for feedback tensors.
I0000 00:00:1780932213.311501 2460883 gl_context.cc:369] GL version: 2.1 (2.1 Metal - 90.5), renderer: Apple M3 Pro
W0000 00:00:1780932213.371274 2461507 inference_feedback_manager.cc:114] Feedback manager requires a model with a single signature inference. Disabling support for feedback tensors.
W0000 00:00:1780932213.380056 2461512 inference_feedback_manager.cc:114] Feedback manager requires a model with a single signature inference. Disabling support for feedback tensors.
I0000 00:00:1780932214.638422 2460883 gl_context.cc:369] GL version: 2.1 (2.1 Metal - 90.5), renderer: Apple M3 Pro
W0000 00:00:1780932214.694937 2461583 inference_feedback_manager.cc:114] Feedback manager requires a model with a single signature inference. Disabling support for feedback tensors.
W0000 00:00:1780932214.704029 2461589 inference_feedback_manager.cc:114] Feedback manager requires a model with a single signature inference. Disabling support for feedback tensors.
I0000 00:00:1780932215.705058 2460883 gl_context.cc:369] GL version: 2.1 (2.1 Metal - 90.5), renderer: Apple M3 Pro
W0000 00:00:1780932215.766404 2461608 inference_feedback_manager.cc:114] Feedback manager requires a model with a single signature inference. Disabling support for feedback tensors.
W0000 00:00:1780932215.775540 2461611 inference_feedback_manager.cc:114] Feedback manager requires a model with a single signature inference. Disabling support for feedback tensors.
I0000 00:00:1780932217.158227 2460883 gl_context.cc:369] GL version: 2.1 (2.1 Metal - 90.5), renderer: Apple M3 Pro
W0000 00:00:1780932217.217024 2461647 inference_feedback_manager.cc:114] Feedback manager requires a model with a single signature inference. Disabling support for feedback tensors.
W0000 00:00:1780932217.226241 2461651 inference_feedback_manager.cc:114] Feedback manager requires a model with a single signature inference. Disabling support for feedback tensors.
I0000 00:00:1780932218.132615 2460883 gl_context.cc:369] GL version: 2.1 (2.1 Metal - 90.5), renderer: Apple M3 Pro
W0000 00:00:1780932218.191179 2461699 inference_feedback_manager.cc:114] Feedback manager requires a model with a single signature inference. Disabling support for feedback tensors.
W0000 00:00:1780932218.200322 2461700 inference_feedback_manager.cc:114] Feedback manager requires a model with a single signature inference. Disabling support for feedback tensors.
I0000 00:00:1780932219.590109 2460883 gl_context.cc:369] GL version: 2.1 (2.1 Metal - 90.5), renderer: Apple M3 Pro
W0000 00:00:1780932219.652385 2461767 inference_feedback_manager.cc:114] Feedback manager requires a model with a single signature inference. Disabling support for feedback tensors.
W0000 00:00:1780932219.662912 2461776 inference_feedback_manager.cc:114] Feedback manager requires a model with a single signature inference. Disabling support for feedback tensors.
